0 info it worked if it ends with ok
1 verbose cli [ 'C:\\Program Files\\nodejs\\node.exe',
1 verbose cli   'C:\\Program Files\\nodejs\\node_modules\\npm\\bin\\npm-cli.js',
1 verbose cli   'start' ]
2 info using npm@3.6.0
3 info using node@v5.7.0
4 verbose run-script [ 'prestart', 'start', 'poststart' ]
5 info lifecycle interior@1.0.0~prestart: interior@1.0.0
6 silly lifecycle interior@1.0.0~prestart: no script for prestart, continuing
7 info lifecycle interior@1.0.0~start: interior@1.0.0
8 verbose lifecycle interior@1.0.0~start: unsafe-perm in lifecycle true
9 verbose lifecycle interior@1.0.0~start: PATH: C:\Program Files\nodejs\node_modules\npm\bin\node-gyp-bin;C:\Users\1\Desktop\study\interior\node_modules\.bin;C:\Users\1\bin;C:\Program Files\Git\mingw64\bin;C:\Program Files\Git\usr\local\bin;C:\Program Files\Git\usr\bin;C:\Program Files\Git\usr\bin;C:\Program Files\Git\mingw64\bin;C:\Program Files\Git\usr\bin;C:\Users\1\bin;C:\Python27;C:\Python27\Scripts;C:\Program Files(x86)\Python34;C:\Program Files(x86)\Python34\Scripts;C:\ProgramData\Oracle\Java\javapath;C:\Dev\ImageMagick;C:\Program Files\ImageMagick-6.8.9-Q16;C:\Users\1\algs4\java\bin;C:\Program Files (x86)\Intel\iCLS Client;C:\Program Files\Intel\iCLS Client;C:\WINDOWS\system32;C:\WINDOWS;C:\WINDOWS\System32\Wbem;C:\WINDOWS\System32\WindowsPowerShell\v1.0;C:\Program Files\Intel\Intel(R) Management Engine Components\DAL;C:\Program Files\Intel\Intel(R) Management Engine Components\IPT;C:\Program Files (x86)\Intel\Intel(R) Management Engine Components\DAL;C:\Program Files (x86)\Intel\Intel(R) Management Engine Components\IPT;C:\Program Files (x86)\Intel\OpenCL SDK\2.0\bin\x86;C:\Program Files (x86)\Intel\OpenCL SDK\2.0\bin\x64;C:\WINDOWS\system32;C:\WINDOWS;C:\WINDOWS\System32\Wbem;C:\WINDOWS\System32\WindowsPowerShell\v1.0;C:\Program Files (x86)\Heroku\bin;C:\Program Files (x86)\git\cmd;C:\Program Files (x86)\OpenSSH\bin;C:\Program Files\Common Files\Autodesk Shared;C:\Program Files\Microsoft SQL Server\110\Tools\Binn;C:\Program Files (x86)\Microsoft SDKs\TypeScript\1.0;C:\Program Files\Microsoft SQL Server\120\Tools\Binn;C:\Program Files (x86)\Skype\Phone;C:\Program Files\Condusiv Technologies\ExpressCache;C:\Program Files\nodejs;C:\Program Files\Redis;C:\RailsInstaller\Ruby2.2.0\bin;C:\Users\1\algs4\bin;C:\Users\1\algs4\java\bin;C:\Dev\RailsInstaller\Git\cmd;C:\Dev\RailsInstaller\Ruby1.9.3\bin;C:\Program Files (x86)\Python34;C:\Program Files (x86)\Python34\Scripts;C:\Program Files\MongoDB\Server\3.0\bin;C:\cygwin64\bin;C:\Users\1\AppData\Local\atom\bin;C:\Dev\DevDesktop\drush;C:\Dev\DevDesktop\php5_6;C:\Dev\DevDesktop\drush\vendor\drush\drush;C:\Dev\DevDesktop\mysql\bin;C:\Users\1\AppData\Roaming\npm;C:\Program Files\Git\usr\bin;C:\Program Files\Git\usr\bin\vendor_perl;C:\Program Files\Git\usr\bin\core_perl
10 verbose lifecycle interior@1.0.0~start: CWD: C:\Users\1\Desktop\study\interior
11 silly lifecycle interior@1.0.0~start: Args: [ '/d /s /c', 'webpack-dev-server' ]
12 silly lifecycle interior@1.0.0~start: Returned: code: 1  signal: null
13 info lifecycle interior@1.0.0~start: Failed to exec start script
14 verbose stack Error: interior@1.0.0 start: `webpack-dev-server`
14 verbose stack Exit status 1
14 verbose stack     at EventEmitter.<anonymous> (C:\Program Files\nodejs\node_modules\npm\lib\utils\lifecycle.js:232:16)
14 verbose stack     at emitTwo (events.js:100:13)
14 verbose stack     at EventEmitter.emit (events.js:185:7)
14 verbose stack     at ChildProcess.<anonymous> (C:\Program Files\nodejs\node_modules\npm\lib\utils\spawn.js:24:14)
14 verbose stack     at emitTwo (events.js:100:13)
14 verbose stack     at ChildProcess.emit (events.js:185:7)
14 verbose stack     at maybeClose (internal/child_process.js:827:16)
14 verbose stack     at Process.ChildProcess._handle.onexit (internal/child_process.js:211:5)
15 verbose pkgid interior@1.0.0
16 verbose cwd C:\Users\1\Desktop\study\interior
17 error Windows_NT 10.0.10586
18 error argv "C:\\Program Files\\nodejs\\node.exe" "C:\\Program Files\\nodejs\\node_modules\\npm\\bin\\npm-cli.js" "start"
19 error node v5.7.0
20 error npm  v3.6.0
21 error code ELIFECYCLE
22 error interior@1.0.0 start: `webpack-dev-server`
22 error Exit status 1
23 error Failed at the interior@1.0.0 start script 'webpack-dev-server'.
23 error Make sure you have the latest version of node.js and npm installed.
23 error If you do, this is most likely a problem with the interior package,
23 error not with npm itself.
23 error Tell the author that this fails on your system:
23 error     webpack-dev-server
23 error You can get information on how to open an issue for this project with:
23 error     npm bugs interior
23 error Or if that isn't available, you can get their info via:
23 error     npm owner ls interior
23 error There is likely additional logging output above.
24 verbose exit [ 1, true ]
